2015-05-22 09:33:54,721 - log.py - INFO - Server runing...
2015-05-22 09:39:57,432 - log.py - INFO - Server runing...
2015-05-22 09:41:44,249 - log.py - INFO - Server runing...
2015-05-22 09:41:59,929 - log.py - INFO - Server runing...
2015-05-22 09:42:33,791 - log.py - INFO - Server runing...
2015-05-22 09:42:44,385 - log.py - INFO - Server runing...
2015-05-22 10:02:27,685 - log.py - INFO - Server runing...
2015-05-22 10:03:21,199 - log.py - INFO - Server runing...
2015-05-22 10:05:59,566 - log.py - INFO - Server runing...
2015-05-22 10:06:19,670 - log.py - INFO - Server runing...
2015-05-22 10:08:44,022 - log.py - INFO - Server runing...
2015-05-22 10:23:21,346 - log.py - INFO - Server runing...
2015-05-22 10:27:02,150 - log.py - INFO - Server runing...
2015-05-22 10:27:20,617 - log.py - INFO - Server runing...
2015-05-22 10:27:58,665 - log.py - INFO - Server runing...
2015-05-22 10:28:09,993 - log.py - INFO - Server runing...
2015-05-22 10:47:19,446 - log.py - INFO - Server runing...
2015-05-22 11:29:07,230 - log.py - INFO - (1146, "Table 'monitor.maonitor_host_info' doesn't exist")
2015-05-22 11:37:55,231 - log.py - INFO - (1062, "Duplicate entry '1' for key 'PRIMARY'")
2015-05-22 11:37:59,021 - log.py - INFO - (1062, "Duplicate entry '1' for key 'PRIMARY'")
2015-05-22 11:38:00,220 - log.py - INFO - (1062, "Duplicate entry '1' for key 'PRIMARY'")
2015-05-22 11:38:00,868 - log.py - INFO - (1062, "Duplicate entry '1' for key 'PRIMARY'")
2015-05-22 11:38:01,483 - log.py - INFO - (1062, "Duplicate entry '1' for key 'PRIMARY'")
2015-05-22 11:38:02,077 - log.py - INFO - (1062, "Duplicate entry '1' for key 'PRIMARY'")
2015-05-22 11:38:02,656 - log.py - INFO - (1062, "Duplicate entry '1' for key 'PRIMARY'")
2015-05-22 11:38:10,805 - log.py - INFO - (1062, "Duplicate entry '1' for key 'PRIMARY'")
2015-05-22 11:40:47,635 - log.py - INFO - (1062, "Duplicate entry '1' for key 'PRIMARY'")
2015-05-22 11:40:47,636 - log.py - INFO - maximum recursion depth exceeded while calling a Python object
2015-05-22 11:40:47,636 - log.py - INFO - maximum recursion depth exceeded while calling a Python object
2015-05-22 11:41:02,919 - log.py - INFO - (1062, "Duplicate entry '1' for key 'PRIMARY'")
2015-05-22 11:41:03,719 - log.py - INFO - (1062, "Duplicate entry '1' for key 'PRIMARY'")
2015-05-22 11:41:04,534 - log.py - INFO - (1062, "Duplicate entry '1' for key 'PRIMARY'")
2015-05-22 11:53:53,293 - log.py - INFO - Server runing...
2015-05-22 14:04:25,510 - log.py - INFO - Server runing...
2015-05-22 14:04:41,490 - log.py - INFO - Server runing...
2015-05-22 14:05:37,293 - log.py - INFO - Server runing...
2015-05-22 14:11:34,596 - log.py - INFO - Server runing...
2015-05-22 14:12:08,378 - log.py - INFO - Server runing...
2015-05-22 14:12:13,848 - log.py - INFO - (1064, "You have an error in your SQL syntax; check the manual that corresponds to your MySQL server version for the right syntax to use near '.0.1' at line 1")
2015-05-22 14:12:13,848 - log.py - INFO - (1064, "You have an error in your SQL syntax; check the manual that corresponds to your MySQL server version for the right syntax to use near '.0.1' at line 1")
2015-05-22 14:13:52,385 - log.py - INFO - Server runing...
2015-05-22 14:14:04,451 - log.py - INFO - (1064, "You have an error in your SQL syntax; check the manual that corresponds to your MySQL server version for the right syntax to use near '.0.1' at line 1")
2015-05-22 14:14:04,451 - log.py - INFO - (1064, "You have an error in your SQL syntax; check the manual that corresponds to your MySQL server version for the right syntax to use near '.0.1' at line 1")
2015-05-22 14:18:29,198 - log.py - INFO - Server runing...
2015-05-22 14:18:32,706 - log.py - INFO - (1064, "You have an error in your SQL syntax; check the manual that corresponds to your MySQL server version for the right syntax to use near '.0.1' at line 1")
2015-05-22 14:18:32,706 - log.py - INFO - (1064, "You have an error in your SQL syntax; check the manual that corresponds to your MySQL server version for the right syntax to use near '.0.1' at line 1")
2015-05-22 14:18:32,708 - log.py - INFO - (1064, "You have an error in your SQL syntax; check the manual that corresponds to your MySQL server version for the right syntax to use near '.0.1,1)' at line 1")
2015-05-22 14:18:32,708 - log.py - INFO - (1064, "You have an error in your SQL syntax; check the manual that corresponds to your MySQL server version for the right syntax to use near '.0.1,1)' at line 1")
2015-05-22 14:18:32,708 - log.py - INFO - (1064, "You have an error in your SQL syntax; check the manual that corresponds to your MySQL server version for the right syntax to use near '.0.1,1)' at line 1")
2015-05-22 14:18:35,922 - log.py - INFO - (1064, "You have an error in your SQL syntax; check the manual that corresponds to your MySQL server version for the right syntax to use near '.0.1' at line 1")
2015-05-22 14:18:35,922 - log.py - INFO - (1064, "You have an error in your SQL syntax; check the manual that corresponds to your MySQL server version for the right syntax to use near '.0.1' at line 1")
2015-05-22 14:18:35,922 - log.py - INFO - (1064, "You have an error in your SQL syntax; check the manual that corresponds to your MySQL server version for the right syntax to use near '.0.1' at line 1")
2015-05-22 14:18:35,922 - log.py - INFO - (1064, "You have an error in your SQL syntax; check the manual that corresponds to your MySQL server version for the right syntax to use near '.0.1' at line 1")
2015-05-22 14:18:35,923 - log.py - INFO - (1064, "You have an error in your SQL syntax; check the manual that corresponds to your MySQL server version for the right syntax to use near '.0.1,1)' at line 1")
2015-05-22 14:18:35,923 - log.py - INFO - (1064, "You have an error in your SQL syntax; check the manual that corresponds to your MySQL server version for the right syntax to use near '.0.1,1)' at line 1")
2015-05-22 14:18:35,923 - log.py - INFO - (1064, "You have an error in your SQL syntax; check the manual that corresponds to your MySQL server version for the right syntax to use near '.0.1,1)' at line 1")
2015-05-22 14:18:35,923 - log.py - INFO - (1064, "You have an error in your SQL syntax; check the manual that corresponds to your MySQL server version for the right syntax to use near '.0.1,1)' at line 1")
2015-05-22 14:18:35,923 - log.py - INFO - (1064, "You have an error in your SQL syntax; check the manual that corresponds to your MySQL server version for the right syntax to use near '.0.1,1)' at line 1")
2015-05-22 14:18:40,174 - log.py - INFO - (1064, "You have an error in your SQL syntax; check the manual that corresponds to your MySQL server version for the right syntax to use near '.0.1' at line 1")
2015-05-22 14:18:40,174 - log.py - INFO - (1064, "You have an error in your SQL syntax; check the manual that corresponds to your MySQL server version for the right syntax to use near '.0.1' at line 1")
2015-05-22 14:18:40,174 - log.py - INFO - (1064, "You have an error in your SQL syntax; check the manual that corresponds to your MySQL server version for the right syntax to use near '.0.1' at line 1")
2015-05-22 14:18:40,174 - log.py - INFO - (1064, "You have an error in your SQL syntax; check the manual that corresponds to your MySQL server version for the right syntax to use near '.0.1' at line 1")
2015-05-22 14:18:40,174 - log.py - INFO - (1064, "You have an error in your SQL syntax; check the manual that corresponds to your MySQL server version for the right syntax to use near '.0.1' at line 1")
2015-05-22 14:18:40,174 - log.py - INFO - (1064, "You have an error in your SQL syntax; check the manual that corresponds to your MySQL server version for the right syntax to use near '.0.1' at line 1")
2015-05-22 14:18:40,174 - log.py - INFO - (1064, "You have an error in your SQL syntax; check the manual that corresponds to your MySQL server version for the right syntax to use near '.0.1,1)' at line 1")
2015-05-22 14:18:40,174 - log.py - INFO - (1064, "You have an error in your SQL syntax; check the manual that corresponds to your MySQL server version for the right syntax to use near '.0.1,1)' at line 1")
2015-05-22 14:18:40,174 - log.py - INFO - (1064, "You have an error in your SQL syntax; check the manual that corresponds to your MySQL server version for the right syntax to use near '.0.1,1)' at line 1")
2015-05-22 14:18:40,174 - log.py - INFO - (1064, "You have an error in your SQL syntax; check the manual that corresponds to your MySQL server version for the right syntax to use near '.0.1,1)' at line 1")
2015-05-22 14:18:40,174 - log.py - INFO - (1064, "You have an error in your SQL syntax; check the manual that corresponds to your MySQL server version for the right syntax to use near '.0.1,1)' at line 1")
2015-05-22 14:18:40,174 - log.py - INFO - (1064, "You have an error in your SQL syntax; check the manual that corresponds to your MySQL server version for the right syntax to use near '.0.1,1)' at line 1")
2015-05-22 14:18:40,174 - log.py - INFO - (1064, "You have an error in your SQL syntax; check the manual that corresponds to your MySQL server version for the right syntax to use near '.0.1,1)' at line 1")
2015-05-22 14:19:21,350 - log.py - INFO - Server runing...
2015-05-22 14:19:40,408 - log.py - INFO - Server runing...
2015-05-22 14:19:44,883 - log.py - INFO - (1064, "You have an error in your SQL syntax; check the manual that corresponds to your MySQL server version for the right syntax to use near '.0.1' at line 1")
2015-05-22 14:19:44,883 - log.py - INFO - (1064, "You have an error in your SQL syntax; check the manual that corresponds to your MySQL server version for the right syntax to use near '.0.1' at line 1")
2015-05-22 14:19:44,884 - log.py - INFO - (1064, "You have an error in your SQL syntax; check the manual that corresponds to your MySQL server version for the right syntax to use near '.0.1,1)' at line 1")
2015-05-22 14:19:44,884 - log.py - INFO - (1064, "You have an error in your SQL syntax; check the manual that corresponds to your MySQL server version for the right syntax to use near '.0.1,1)' at line 1")
2015-05-22 14:19:44,884 - log.py - INFO - (1064, "You have an error in your SQL syntax; check the manual that corresponds to your MySQL server version for the right syntax to use near '.0.1,1)' at line 1")
2015-05-22 14:22:05,348 - log.py - INFO - Server runing...
2015-05-22 14:22:59,156 - log.py - INFO - Server runing...
2015-05-22 14:25:50,456 - log.py - INFO - Server runing...
2015-05-22 14:43:18,262 - log.py - INFO - Server runing...
2015-05-22 14:43:48,015 - log.py - INFO - Server runing...
2015-05-22 14:45:05,168 - log.py - INFO - Server runing...
2015-05-22 14:46:12,152 - log.py - INFO - Server runing...
2015-05-22 14:48:15,631 - log.py - INFO - Server runing...
2015-05-22 15:15:54,626 - log.py - INFO - Server runing...
2015-05-22 15:16:09,466 - log.py - INFO - Server runing...
2015-05-22 15:16:21,131 - log.py - INFO - Server runing...
2015-05-22 15:17:22,978 - log.py - INFO - Server runing...
2015-05-22 15:17:25,810 - log.py - INFO - (1064, "You have an error in your SQL syntax; check the manual that corresponds to your MySQL server version for the right syntax to use near '1)' at line 1")
2015-05-22 15:17:25,810 - log.py - INFO - (1064, "You have an error in your SQL syntax; check the manual that corresponds to your MySQL server version for the right syntax to use near '1)' at line 1")
2015-05-22 15:17:37,430 - log.py - INFO - (1064, "You have an error in your SQL syntax; check the manual that corresponds to your MySQL server version for the right syntax to use near '1)' at line 1")
2015-05-22 15:17:37,430 - log.py - INFO - (1064, "You have an error in your SQL syntax; check the manual that corresponds to your MySQL server version for the right syntax to use near '1)' at line 1")
2015-05-22 15:17:37,430 - log.py - INFO - (1064, "You have an error in your SQL syntax; check the manual that corresponds to your MySQL server version for the right syntax to use near '1)' at line 1")
2015-05-22 15:19:00,485 - log.py - INFO - Server runing...
2015-05-22 15:19:05,697 - log.py - INFO - (1064, "You have an error in your SQL syntax; check the manual that corresponds to your MySQL server version for the right syntax to use near '1)' at line 1")
2015-05-22 15:19:05,697 - log.py - INFO - (1064, "You have an error in your SQL syntax; check the manual that corresponds to your MySQL server version for the right syntax to use near '1)' at line 1")
2015-05-22 15:19:25,564 - log.py - INFO - Server runing...
2015-05-22 15:22:50,868 - log.py - INFO - Server runing...
2015-05-22 18:02:55,435 - log.py - INFO - Server runing...
2015-05-22 18:03:22,202 - log.py - INFO - Server runing...
2015-05-22 18:03:44,366 - log.py - INFO - Server runing...
2015-05-22 18:04:06,287 - log.py - INFO - Server runing...
2015-05-22 18:07:22,696 - log.py - INFO - Server runing...
2015-05-22 18:14:13,077 - log.py - INFO - Server runing...
2015-05-22 18:17:22,666 - log.py - INFO - Server runing...
2015-05-22 18:17:40,371 - log.py - INFO - Server runing...
2015-05-22 18:18:05,911 - log.py - INFO - Server runing...
2015-05-22 18:18:25,270 - log.py - INFO - Server runing...
2015-05-22 18:19:02,095 - log.py - INFO - Server runing...
2015-05-22 18:19:14,709 - log.py - INFO - Server runing...
2015-05-22 18:19:35,009 - log.py - INFO - Server runing...
2015-05-22 18:19:47,510 - log.py - INFO - Server runing...
2015-05-22 18:20:15,782 - log.py - INFO - Server runing...
2015-05-22 18:20:34,566 - log.py - INFO - Server runing...
2015-05-22 18:20:46,743 - log.py - INFO - Server runing...
2015-05-22 18:20:59,630 - log.py - INFO - Server runing...
2015-05-22 18:21:10,054 - log.py - INFO - Server runing...
2015-05-22 18:21:30,342 - log.py - INFO - Server runing...
2015-05-22 18:22:27,510 - log.py - INFO - Server runing...
2015-05-22 18:22:49,737 - log.py - INFO - Server runing...
2015-05-22 18:23:40,410 - log.py - INFO - Server runing...
2015-05-22 18:24:11,314 - log.py - INFO - Server runing...
2015-05-22 18:24:53,794 - log.py - INFO - Server runing...
2015-05-22 18:29:40,082 - log.py - INFO - Server runing...
2015-05-22 18:38:30,202 - log.py - INFO - Server runing...
2015-05-22 18:38:58,588 - log.py - INFO - Server runing...
2015-05-22 18:39:21,906 - log.py - INFO - Server runing...
2015-05-22 18:40:15,778 - log.py - INFO - Server runing...
2015-05-22 18:47:27,909 - log.py - INFO - Server runing...
2015-05-22 18:48:18,207 - log.py - INFO - Server runing...
2015-05-22 18:48:24,127 - log.py - INFO - (1054, "Unknown column 'cmd_name' in 'where clause'")
2015-05-22 18:48:24,127 - log.py - INFO - (1054, "Unknown column 'cmd_name' in 'where clause'")
2015-05-22 18:48:50,544 - log.py - INFO - (1054, "Unknown column 'cmd_name' in 'where clause'")
2015-05-22 18:48:50,544 - log.py - INFO - (1054, "Unknown column 'cmd_name' in 'where clause'")
2015-05-22 18:48:50,544 - log.py - INFO - (1054, "Unknown column 'cmd_name' in 'where clause'")
2015-05-22 18:49:01,291 - log.py - INFO - Server runing...
2015-05-22 18:49:04,152 - log.py - INFO - (1054, "Unknown column 'cmd_name' in 'where clause'")
2015-05-22 18:49:04,152 - log.py - INFO - (1054, "Unknown column 'cmd_name' in 'where clause'")
2015-05-22 18:49:36,426 - log.py - INFO - Server runing...
2015-05-22 19:05:29,122 - log.py - INFO - Server runing...
2015-05-22 19:06:18,540 - log.py - INFO - Server runing...
2015-05-24 16:59:42,539 - log.py - INFO - Server runing...
2015-05-24 17:01:01,177 - log.py - INFO - Server runing...
2015-05-24 17:01:04,182 - log.py - INFO - (1064, "You have an error in your SQL syntax; check the manual that corresponds to your MySQL server version for the right syntax to use near '17:01:04,1)' at line 1")
2015-05-24 17:01:04,182 - log.py - INFO - (1064, "You have an error in your SQL syntax; check the manual that corresponds to your MySQL server version for the right syntax to use near '17:01:04,1)' at line 1")
2015-05-24 17:02:50,895 - log.py - INFO - Server runing...
2015-05-24 17:02:58,400 - log.py - INFO - Server runing...
2015-05-24 17:03:01,098 - log.py - INFO - (1064, "You have an error in your SQL syntax; check the manual that corresponds to your MySQL server version for the right syntax to use near '17:03:01)' at line 1")
2015-05-24 17:03:01,098 - log.py - INFO - (1064, "You have an error in your SQL syntax; check the manual that corresponds to your MySQL server version for the right syntax to use near '17:03:01)' at line 1")
2015-05-24 17:03:33,887 - log.py - INFO - Server runing...
2015-05-24 17:03:36,708 - log.py - INFO - (1064, "You have an error in your SQL syntax; check the manual that corresponds to your MySQL server version for the right syntax to use near '17:03:36)' at line 1")
2015-05-24 17:03:36,708 - log.py - INFO - (1064, "You have an error in your SQL syntax; check the manual that corresponds to your MySQL server version for the right syntax to use near '17:03:36)' at line 1")
2015-05-24 17:03:36,709 - log.py - INFO - (1064, "You have an error in your SQL syntax; check the manual that corresponds to your MySQL server version for the right syntax to use near '17:03:36)' at line 1")
2015-05-24 17:03:36,709 - log.py - INFO - (1064, "You have an error in your SQL syntax; check the manual that corresponds to your MySQL server version for the right syntax to use near '17:03:36)' at line 1")
2015-05-24 17:03:36,709 - log.py - INFO - (1064, "You have an error in your SQL syntax; check the manual that corresponds to your MySQL server version for the right syntax to use near '17:03:36)' at line 1")
2015-05-24 17:03:52,423 - log.py - INFO - Server runing...
2015-05-24 17:03:55,023 - log.py - INFO - (1064, "You have an error in your SQL syntax; check the manual that corresponds to your MySQL server version for the right syntax to use near '17:03:55)' at line 1")
2015-05-24 17:03:55,023 - log.py - INFO - (1064, "You have an error in your SQL syntax; check the manual that corresponds to your MySQL server version for the right syntax to use near '17:03:55)' at line 1")
2015-05-24 17:03:55,024 - log.py - INFO - (1064, "You have an error in your SQL syntax; check the manual that corresponds to your MySQL server version for the right syntax to use near '17:03:55)' at line 1")
2015-05-24 17:03:55,024 - log.py - INFO - (1064, "You have an error in your SQL syntax; check the manual that corresponds to your MySQL server version for the right syntax to use near '17:03:55)' at line 1")
2015-05-24 17:03:55,024 - log.py - INFO - (1064, "You have an error in your SQL syntax; check the manual that corresponds to your MySQL server version for the right syntax to use near '17:03:55)' at line 1")
2015-05-24 17:04:32,009 - log.py - INFO - Server runing...
2015-05-24 17:04:34,608 - log.py - INFO - (1064, "You have an error in your SQL syntax; check the manual that corresponds to your MySQL server version for the right syntax to use near '17:04:34)' at line 1")
2015-05-24 17:04:34,608 - log.py - INFO - (1064, "You have an error in your SQL syntax; check the manual that corresponds to your MySQL server version for the right syntax to use near '17:04:34)' at line 1")
2015-05-24 17:05:48,260 - log.py - INFO - Server runing...
2015-05-24 17:05:51,462 - log.py - INFO - (1064, "You have an error in your SQL syntax; check the manual that corresponds to your MySQL server version for the right syntax to use near '17:05:51)' at line 1")
2015-05-24 17:05:51,462 - log.py - INFO - (1064, "You have an error in your SQL syntax; check the manual that corresponds to your MySQL server version for the right syntax to use near '17:05:51)' at line 1")
2015-05-24 17:06:49,370 - log.py - INFO - Server runing...
2015-05-24 17:06:52,152 - log.py - INFO - (1064, "You have an error in your SQL syntax; check the manual that corresponds to your MySQL server version for the right syntax to use near '17:06:52)' at line 1")
2015-05-24 17:06:52,152 - log.py - INFO - (1064, "You have an error in your SQL syntax; check the manual that corresponds to your MySQL server version for the right syntax to use near '17:06:52)' at line 1")
2015-05-24 17:06:52,153 - log.py - INFO - (1064, "You have an error in your SQL syntax; check the manual that corresponds to your MySQL server version for the right syntax to use near '17:06:52)' at line 1")
2015-05-24 17:06:52,153 - log.py - INFO - (1064, "You have an error in your SQL syntax; check the manual that corresponds to your MySQL server version for the right syntax to use near '17:06:52)' at line 1")
2015-05-24 17:06:52,153 - log.py - INFO - (1064, "You have an error in your SQL syntax; check the manual that corresponds to your MySQL server version for the right syntax to use near '17:06:52)' at line 1")
2015-05-24 17:07:22,211 - log.py - INFO - Server runing...
2015-05-24 17:07:25,153 - log.py - INFO - (1064, "You have an error in your SQL syntax; check the manual that corresponds to your MySQL server version for the right syntax to use near '17:07:25)' at line 1")
2015-05-24 17:07:25,153 - log.py - INFO - (1064, "You have an error in your SQL syntax; check the manual that corresponds to your MySQL server version for the right syntax to use near '17:07:25)' at line 1")
2015-05-24 17:07:25,154 - log.py - INFO - (1064, "You have an error in your SQL syntax; check the manual that corresponds to your MySQL server version for the right syntax to use near '17:07:25)' at line 1")
2015-05-24 17:07:25,154 - log.py - INFO - (1064, "You have an error in your SQL syntax; check the manual that corresponds to your MySQL server version for the right syntax to use near '17:07:25)' at line 1")
2015-05-24 17:07:25,154 - log.py - INFO - (1064, "You have an error in your SQL syntax; check the manual that corresponds to your MySQL server version for the right syntax to use near '17:07:25)' at line 1")
2015-05-24 17:08:19,251 - log.py - INFO - Server runing...
2015-05-24 17:08:24,242 - log.py - INFO - (1064, "You have an error in your SQL syntax; check the manual that corresponds to your MySQL server version for the right syntax to use near '17:08:24)' at line 1")
2015-05-24 17:08:24,242 - log.py - INFO - (1064, "You have an error in your SQL syntax; check the manual that corresponds to your MySQL server version for the right syntax to use near '17:08:24)' at line 1")
2015-05-24 17:08:47,228 - log.py - INFO - Server runing...
2015-05-24 17:08:51,141 - log.py - INFO - (1064, "You have an error in your SQL syntax; check the manual that corresponds to your MySQL server version for the right syntax to use near '17:08:51)' at line 1")
2015-05-24 17:08:51,141 - log.py - INFO - (1064, "You have an error in your SQL syntax; check the manual that corresponds to your MySQL server version for the right syntax to use near '17:08:51)' at line 1")
2015-05-24 17:10:21,130 - log.py - INFO - Server runing...
2015-05-24 17:10:24,172 - log.py - INFO - (1064, "You have an error in your SQL syntax; check the manual that corresponds to your MySQL server version for the right syntax to use near '17:10:24)' at line 1")
2015-05-24 17:10:24,172 - log.py - INFO - (1064, "You have an error in your SQL syntax; check the manual that corresponds to your MySQL server version for the right syntax to use near '17:10:24)' at line 1")
2015-05-24 17:10:24,173 - log.py - INFO - (1064, "You have an error in your SQL syntax; check the manual that corresponds to your MySQL server version for the right syntax to use near '17:10:24)' at line 1")
2015-05-24 17:10:24,173 - log.py - INFO - (1064, "You have an error in your SQL syntax; check the manual that corresponds to your MySQL server version for the right syntax to use near '17:10:24)' at line 1")
2015-05-24 17:10:24,173 - log.py - INFO - (1064, "You have an error in your SQL syntax; check the manual that corresponds to your MySQL server version for the right syntax to use near '17:10:24)' at line 1")
2015-05-24 17:10:34,995 - log.py - INFO - Server runing...
2015-05-24 17:11:05,261 - log.py - INFO - Server runing...
2015-05-24 17:11:09,013 - log.py - INFO - (1064, "You have an error in your SQL syntax; check the manual that corresponds to your MySQL server version for the right syntax to use near '17:11:08)' at line 1")
2015-05-24 17:11:09,013 - log.py - INFO - (1064, "You have an error in your SQL syntax; check the manual that corresponds to your MySQL server version for the right syntax to use near '17:11:08)' at line 1")
2015-05-24 17:11:09,014 - log.py - INFO - (1064, "You have an error in your SQL syntax; check the manual that corresponds to your MySQL server version for the right syntax to use near '17:11:08)' at line 1")
2015-05-24 17:11:09,014 - log.py - INFO - (1064, "You have an error in your SQL syntax; check the manual that corresponds to your MySQL server version for the right syntax to use near '17:11:08)' at line 1")
2015-05-24 17:11:09,014 - log.py - INFO - (1064, "You have an error in your SQL syntax; check the manual that corresponds to your MySQL server version for the right syntax to use near '17:11:08)' at line 1")
2015-05-24 17:11:48,732 - log.py - INFO - Server runing...
2015-05-24 17:12:12,325 - log.py - INFO - Server runing...
2015-05-24 17:13:12,798 - log.py - INFO - Server runing...
2015-05-24 17:15:11,330 - log.py - INFO - Server runing...
2015-05-24 17:15:27,209 - log.py - INFO - Server runing...
2015-05-24 17:16:22,168 - log.py - INFO - Server runing...
2015-05-24 17:16:48,474 - log.py - INFO - Server runing...
2015-05-29 15:44:18,646 - log.py - INFO - (2003, "Can't connect to MySQL server on '127.0.0.1' (111)")
2015-05-29 15:44:18,647 - log.py - INFO - 'mysql' object has no attribute 'cursor'
2015-05-29 15:44:18,647 - log.py - INFO - 'mysql' object has no attribute 'cursor'
2015-05-29 15:45:43,379 - log.py - INFO - (2003, "Can't connect to MySQL server on '127.0.0.1' (111)")
2015-05-29 15:45:43,379 - log.py - INFO - 'mysql' object has no attribute 'cursor'
2015-05-29 15:45:43,379 - log.py - INFO - 'mysql' object has no attribute 'cursor'
2015-05-29 15:46:09,821 - log.py - INFO - (2003, "Can't connect to MySQL server on '127.0.0.1' (111)")
2015-05-29 15:46:09,822 - log.py - INFO - 'mysql' object has no attribute 'cursor'
2015-05-29 15:46:09,822 - log.py - INFO - 'mysql' object has no attribute 'cursor'
2015-05-29 15:46:26,082 - log.py - INFO - (2003, "Can't connect to MySQL server on '127.0.0.1' (111)")
2015-05-29 15:46:26,083 - log.py - INFO - 'mysql' object has no attribute 'cursor'
2015-05-29 15:46:26,083 - log.py - INFO - 'mysql' object has no attribute 'cursor'
2015-05-29 15:46:46,155 - log.py - INFO - (2003, "Can't connect to MySQL server on '127.0.0.1' (111)")
2015-05-29 15:46:46,155 - log.py - INFO - 'mysql' object has no attribute 'cursor'
2015-05-29 15:46:46,155 - log.py - INFO - 'mysql' object has no attribute 'cursor'
2015-05-29 15:46:47,403 - log.py - INFO - (2003, "Can't connect to MySQL server on '127.0.0.1' (111)")
2015-05-29 15:46:47,403 - log.py - INFO - 'mysql' object has no attribute 'cursor'
2015-05-29 15:46:47,403 - log.py - INFO - 'mysql' object has no attribute 'cursor'
2015-05-29 15:47:45,532 - log.py - INFO - (2003, "Can't connect to MySQL server on '127.0.0.1' (111)")
2015-05-29 15:47:45,532 - log.py - INFO - 'mysql' object has no attribute 'cursor'
2015-05-29 15:47:45,532 - log.py - INFO - 'mysql' object has no attribute 'cursor'
2015-05-29 15:47:46,355 - log.py - INFO - (2003, "Can't connect to MySQL server on '127.0.0.1' (111)")
2015-05-29 15:47:46,356 - log.py - INFO - 'mysql' object has no attribute 'cursor'
2015-05-29 15:47:46,356 - log.py - INFO - 'mysql' object has no attribute 'cursor'
2015-05-29 15:53:12,978 - log.py - INFO - Server runing...
2015-05-29 15:58:19,968 - log.py - INFO - Server runing...
2015-05-29 16:06:35,905 - log.py - INFO - (1064, "You have an error in your SQL syntax; check the manual that corresponds to your MySQL server version for the right syntax to use near '%s' at line 1")
2015-05-29 16:06:42,289 - log.py - INFO - (1064, "You have an error in your SQL syntax; check the manual that corresponds to your MySQL server version for the right syntax to use near '%s' at line 1")
2015-05-29 16:06:42,944 - log.py - INFO - (1064, "You have an error in your SQL syntax; check the manual that corresponds to your MySQL server version for the right syntax to use near '%s' at line 1")
2015-05-29 16:06:46,837 - log.py - INFO - (1064, "You have an error in your SQL syntax; check the manual that corresponds to your MySQL server version for the right syntax to use near '%s' at line 1")
2015-05-29 16:06:53,450 - log.py - INFO - (1064, "You have an error in your SQL syntax; check the manual that corresponds to your MySQL server version for the right syntax to use near '%s' at line 1")
2015-05-29 16:06:56,594 - log.py - INFO - (1064, "You have an error in your SQL syntax; check the manual that corresponds to your MySQL server version for the right syntax to use near '%s' at line 1")
2015-05-29 16:07:57,227 - log.py - INFO - (1054, "Unknown column 'aliev' in 'field list'")
2015-05-29 16:08:05,724 - log.py - INFO - (1054, "Unknown column 'aliev' in 'field list'")
2015-05-29 16:08:24,594 - log.py - INFO - (1054, "Unknown column 'aliev' in 'field list'")
2015-05-29 16:09:29,251 - log.py - INFO - Server runing...
2015-05-29 16:40:31,674 - log.py - INFO - Server runing...
2015-05-29 16:42:28,830 - log.py - INFO - (2003, "Can't connect to MySQL server on '127.0.0.1' (111)")
2015-05-29 16:42:28,830 - log.py - INFO - 'mysql' object has no attribute 'cursor'
2015-05-29 16:42:28,830 - log.py - INFO - 'mysql' object has no attribute 'cursor'
2015-05-29 16:42:28,830 - log.py - INFO - 'mysql' object has no attribute 'cursor'
2015-05-29 16:42:28,830 - log.py - INFO - 'mysql' object has no attribute 'cursor'
2015-05-29 16:42:28,830 - log.py - INFO - 'mysql' object has no attribute 'cursor'
2015-05-29 16:42:30,087 - log.py - INFO - (2003, "Can't connect to MySQL server on '127.0.0.1' (111)")
2015-05-29 16:42:30,087 - log.py - INFO - 'mysql' object has no attribute 'cursor'
2015-05-29 16:42:30,087 - log.py - INFO - 'mysql' object has no attribute 'cursor'
2015-05-29 16:42:30,087 - log.py - INFO - 'mysql' object has no attribute 'cursor'
2015-05-29 16:42:30,087 - log.py - INFO - 'mysql' object has no attribute 'cursor'
2015-05-29 16:42:30,087 - log.py - INFO - 'mysql' object has no attribute 'cursor'
2015-05-29 16:42:31,016 - log.py - INFO - (2003, "Can't connect to MySQL server on '127.0.0.1' (111)")
2015-05-29 16:42:31,016 - log.py - INFO - 'mysql' object has no attribute 'cursor'
2015-05-29 16:42:31,016 - log.py - INFO - 'mysql' object has no attribute 'cursor'
2015-05-29 16:42:31,016 - log.py - INFO - 'mysql' object has no attribute 'cursor'
2015-05-29 16:42:31,016 - log.py - INFO - 'mysql' object has no attribute 'cursor'
2015-05-29 16:42:31,016 - log.py - INFO - 'mysql' object has no attribute 'cursor'
2015-05-29 16:42:31,710 - log.py - INFO - (2003, "Can't connect to MySQL server on '127.0.0.1' (111)")
2015-05-29 16:42:31,711 - log.py - INFO - 'mysql' object has no attribute 'cursor'
2015-05-29 16:42:31,711 - log.py - INFO - 'mysql' object has no attribute 'cursor'
2015-05-29 16:42:31,711 - log.py - INFO - 'mysql' object has no attribute 'cursor'
2015-05-29 16:42:31,711 - log.py - INFO - 'mysql' object has no attribute 'cursor'
2015-05-29 16:42:31,711 - log.py - INFO - 'mysql' object has no attribute 'cursor'
2015-05-29 16:42:32,401 - log.py - INFO - (2003, "Can't connect to MySQL server on '127.0.0.1' (111)")
2015-05-29 16:42:32,402 - log.py - INFO - 'mysql' object has no attribute 'cursor'
2015-05-29 16:42:32,402 - log.py - INFO - 'mysql' object has no attribute 'cursor'
2015-05-29 16:42:32,402 - log.py - INFO - 'mysql' object has no attribute 'cursor'
2015-05-29 16:42:32,402 - log.py - INFO - 'mysql' object has no attribute 'cursor'
2015-05-29 16:42:32,402 - log.py - INFO - 'mysql' object has no attribute 'cursor'
2015-05-29 19:31:49,323 - log.py - INFO - (0, '')
2015-05-29 19:32:08,706 - log.py - INFO - (0, '')
2015-05-29 19:32:16,703 - log.py - INFO - (0, '')
2015-05-29 19:32:23,776 - log.py - INFO - (0, '')
2015-05-29 19:32:25,112 - log.py - INFO - (0, '')
2015-05-29 19:32:41,199 - log.py - INFO - (0, '')
2015-05-29 19:32:42,031 - log.py - INFO - (0, '')
2015-05-29 19:38:09,175 - log.py - INFO - [Errno -3] Temporary failure in name resolution
2015-05-29 19:38:25,679 - log.py - INFO - [Errno -3] Temporary failure in name resolution
2015-05-29 19:38:26,483 - log.py - INFO - [Errno -3] Temporary failure in name resolution
2015-05-29 19:38:27,177 - log.py - INFO - [Errno -3] Temporary failure in name resolution
2015-05-29 19:38:27,838 - log.py - INFO - [Errno -3] Temporary failure in name resolution
2015-05-29 19:38:28,483 - log.py - INFO - [Errno -3] Temporary failure in name resolution
2015-05-29 19:38:29,083 - log.py - INFO - [Errno -3] Temporary failure in name resolution
2015-05-29 19:38:29,653 - log.py - INFO - [Errno -3] Temporary failure in name resolution
2015-05-29 19:38:30,484 - log.py - INFO - [Errno -3] Temporary failure in name resolution
2015-05-29 19:38:31,101 - log.py - INFO - [Errno -3] Temporary failure in name resolution
2015-05-29 19:38:31,695 - log.py - INFO - [Errno -3] Temporary failure in name resolution
2015-05-29 19:38:32,253 - log.py - INFO - [Errno -3] Temporary failure in name resolution
2015-05-29 19:38:59,149 - log.py - INFO - [Errno -3] Temporary failure in name resolution
2015-05-29 19:39:23,211 - log.py - INFO - [Errno -3] Temporary failure in name resolution
2015-05-29 19:39:57,045 - log.py - INFO - [Errno -3] Temporary failure in name resolution
2015-05-29 19:40:26,448 - log.py - INFO - [Errno -3] Temporary failure in name resolution
2015-05-29 19:40:28,177 - log.py - INFO - [Errno -3] Temporary failure in name resolution
2015-05-29 19:40:28,998 - log.py - INFO - [Errno -3] Temporary failure in name resolution
2015-05-29 19:40:29,749 - log.py - INFO - [Errno -3] Temporary failure in name resolution
2015-05-29 19:40:30,648 - log.py - INFO - [Errno -3] Temporary failure in name resolution
2015-05-29 19:40:31,286 - log.py - INFO - [Errno -3] Temporary failure in name resolution
2015-05-29 19:40:45,327 - log.py - INFO - [Errno -3] Temporary failure in name resolution
2015-05-29 19:40:46,135 - log.py - INFO - [Errno -3] Temporary failure in name resolution
2015-05-29 19:40:55,169 - log.py - INFO - [Errno -3] Temporary failure in name resolution
2015-05-29 19:40:56,964 - log.py - INFO - [Errno -3] Temporary failure in name resolution
2015-05-29 19:40:57,719 - log.py - INFO - [Errno -3] Temporary failure in name resolution
2015-05-29 19:40:58,382 - log.py - INFO - [Errno -3] Temporary failure in name resolution
2015-05-29 19:40:59,029 - log.py - INFO - [Errno -3] Temporary failure in name resolution
2015-05-29 19:40:59,696 - log.py - INFO - [Errno -3] Temporary failure in name resolution
2015-05-29 19:41:00,262 - log.py - INFO - [Errno -3] Temporary failure in name resolution
2015-05-29 19:41:13,505 - log.py - INFO - [Errno -3] Temporary failure in name resolution
2015-05-29 19:41:14,343 - log.py - INFO - [Errno -3] Temporary failure in name resolution
2015-05-29 19:41:23,311 - log.py - INFO - [Errno -3] Temporary failure in name resolution
2015-05-29 19:41:24,190 - log.py - INFO - [Errno -3] Temporary failure in name resolution
2015-05-29 19:41:37,873 - log.py - INFO - [Errno -3] Temporary failure in name resolution
2015-05-29 19:41:38,837 - log.py - INFO - [Errno -3] Temporary failure in name resolution
2015-05-29 19:41:46,400 - log.py - INFO - [Errno -3] Temporary failure in name resolution
2015-05-29 19:41:47,144 - log.py - INFO - [Errno -3] Temporary failure in name resolution
2015-05-29 20:03:13,587 - log.py - INFO - (1064, "You have an error in your SQL syntax; check the manual that corresponds to your MySQL server version for the right syntax to use near '%s' at line 1")
2015-05-29 20:03:18,358 - log.py - INFO - (1064, "You have an error in your SQL syntax; check the manual that corresponds to your MySQL server version for the right syntax to use near '%s' at line 1")
2015-05-29 20:03:33,413 - log.py - INFO - (1064, "You have an error in your SQL syntax; check the manual that corresponds to your MySQL server version for the right syntax to use near '%s' at line 1")
2015-05-29 20:44:49,327 - log.py - INFO - Server runing...
2015-05-29 20:44:51,511 - log.py - INFO - Server runing...
2015-05-29 20:45:00,815 - log.py - INFO - Server runing...
2015-05-29 20:45:34,983 - log.py - INFO - Server runing...
2015-05-29 20:46:34,335 - log.py - INFO - Server runing...
2015-05-29 20:58:58,116 - log.py - INFO - Server runing...
2015-05-29 20:59:49,639 - log.py - INFO - Server runing...
2015-05-29 21:02:29,042 - log.py - INFO - Server runing...
2015-05-29 21:03:30,523 - log.py - INFO - Server runing...
2015-05-29 21:03:53,355 - log.py - INFO - Server runing...
2015-05-29 21:33:06,540 - log.py - INFO - Server runing...
