2015-05-29 21:34:37,895 - log.py - INFO - Server runing...
2015-05-29 21:37:00,957 - log.py - INFO - Server runing...
2015-05-29 21:37:30,249 - log.py - INFO - Server runing...
2015-05-29 21:38:51,309 - log.py - INFO - Server runing...
2015-05-29 21:38:59,314 - log.py - INFO - an integer is required
2015-05-29 21:38:59,314 - log.py - INFO - an integer is required
2015-05-29 21:38:59,315 - log.py - INFO - 'mysql' object has no attribute 'cursor'
2015-05-29 21:38:59,315 - log.py - INFO - 'mysql' object has no attribute 'cursor'
2015-05-29 21:38:59,315 - log.py - INFO - 'mysql' object has no attribute 'cursor'
2015-05-29 21:39:52,301 - log.py - INFO - Server runing...
2015-05-29 21:39:56,460 - log.py - INFO - Server runing...
2015-05-29 21:40:08,911 - log.py - INFO - Server runing...
2015-05-29 21:40:11,165 - log.py - INFO - Server runing...
2015-05-29 21:40:15,076 - log.py - INFO - an integer is required
2015-05-29 21:40:15,076 - log.py - INFO - an integer is required
2015-05-29 21:40:15,076 - log.py - INFO - 'mysql' object has no attribute 'cursor'
2015-05-29 21:40:15,076 - log.py - INFO - 'mysql' object has no attribute 'cursor'
2015-05-29 21:40:15,076 - log.py - INFO - 'mysql' object has no attribute 'cursor'
2015-05-29 21:40:34,827 - log.py - INFO - Server runing...
2015-05-29 21:40:37,580 - log.py - INFO - an integer is required
2015-05-29 21:40:37,580 - log.py - INFO - an integer is required
2015-05-29 21:40:37,580 - log.py - INFO - 'mysql' object has no attribute 'cursor'
2015-05-29 21:40:37,580 - log.py - INFO - 'mysql' object has no attribute 'cursor'
2015-05-29 21:40:37,580 - log.py - INFO - 'mysql' object has no attribute 'cursor'
2015-05-29 21:41:37,253 - log.py - INFO - Server runing...
2015-05-29 21:41:40,643 - log.py - INFO - an integer is required
2015-05-29 21:41:40,643 - log.py - INFO - an integer is required
2015-05-29 21:41:40,644 - log.py - INFO - 'mysql' object has no attribute 'cursor'
2015-05-29 21:41:40,644 - log.py - INFO - 'mysql' object has no attribute 'cursor'
2015-05-29 21:41:40,644 - log.py - INFO - 'mysql' object has no attribute 'cursor'
2015-05-29 21:41:40,644 - log.py - INFO - an integer is required
2015-05-29 21:41:40,644 - log.py - INFO - an integer is required
2015-05-29 21:41:40,644 - log.py - INFO - an integer is required
2015-05-29 21:41:40,644 - log.py - INFO - an integer is required
2015-05-29 21:41:40,644 - log.py - INFO - 'mysql' object has no attribute 'cursor'
2015-05-29 21:41:40,644 - log.py - INFO - 'mysql' object has no attribute 'cursor'
2015-05-29 21:41:40,644 - log.py - INFO - 'mysql' object has no attribute 'cursor'
2015-05-29 21:41:40,644 - log.py - INFO - 'mysql' object has no attribute 'cursor'
2015-05-29 21:41:40,644 - log.py - INFO - 'mysql' object has no attribute 'cursor'
2015-05-29 21:42:32,893 - log.py - INFO - Server runing...
2015-05-29 21:42:37,276 - log.py - INFO - an integer is required
2015-05-29 21:42:37,276 - log.py - INFO - an integer is required
2015-05-29 21:42:37,276 - log.py - INFO - 'mysql' object has no attribute 'cursor'
2015-05-29 21:42:37,276 - log.py - INFO - 'mysql' object has no attribute 'cursor'
2015-05-29 21:42:37,276 - log.py - INFO - 'mysql' object has no attribute 'cursor'
2015-05-29 21:42:37,277 - log.py - INFO - an integer is required
2015-05-29 21:42:37,277 - log.py - INFO - an integer is required
2015-05-29 21:42:37,277 - log.py - INFO - an integer is required
2015-05-29 21:42:37,277 - log.py - INFO - an integer is required
2015-05-29 21:42:37,277 - log.py - INFO - 'mysql' object has no attribute 'cursor'
2015-05-29 21:42:37,277 - log.py - INFO - 'mysql' object has no attribute 'cursor'
2015-05-29 21:42:37,277 - log.py - INFO - 'mysql' object has no attribute 'cursor'
2015-05-29 21:42:37,277 - log.py - INFO - 'mysql' object has no attribute 'cursor'
2015-05-29 21:42:37,277 - log.py - INFO - 'mysql' object has no attribute 'cursor'
2015-05-29 21:42:59,171 - log.py - INFO - an integer is required
2015-05-29 21:42:59,171 - log.py - INFO - an integer is required
2015-05-29 21:42:59,171 - log.py - INFO - an integer is required
2015-05-29 21:42:59,171 - log.py - INFO - an integer is required
2015-05-29 21:42:59,171 - log.py - INFO - an integer is required
2015-05-29 21:42:59,171 - log.py - INFO - an integer is required
2015-05-29 21:42:59,172 - log.py - INFO - 'mysql' object has no attribute 'cursor'
2015-05-29 21:42:59,172 - log.py - INFO - 'mysql' object has no attribute 'cursor'
2015-05-29 21:42:59,172 - log.py - INFO - 'mysql' object has no attribute 'cursor'
2015-05-29 21:42:59,172 - log.py - INFO - 'mysql' object has no attribute 'cursor'
2015-05-29 21:42:59,172 - log.py - INFO - 'mysql' object has no attribute 'cursor'
2015-05-29 21:42:59,172 - log.py - INFO - 'mysql' object has no attribute 'cursor'
2015-05-29 21:42:59,172 - log.py - INFO - 'mysql' object has no attribute 'cursor'
2015-05-29 21:42:59,172 - log.py - INFO - an integer is required
2015-05-29 21:42:59,172 - log.py - INFO - an integer is required
2015-05-29 21:42:59,172 - log.py - INFO - an integer is required
2015-05-29 21:42:59,172 - log.py - INFO - an integer is required
2015-05-29 21:42:59,172 - log.py - INFO - an integer is required
2015-05-29 21:42:59,172 - log.py - INFO - an integer is required
2015-05-29 21:42:59,172 - log.py - INFO - an integer is required
2015-05-29 21:42:59,172 - log.py - INFO - an integer is required
2015-05-29 21:42:59,173 - log.py - INFO - 'mysql' object has no attribute 'cursor'
2015-05-29 21:42:59,173 - log.py - INFO - 'mysql' object has no attribute 'cursor'
2015-05-29 21:42:59,173 - log.py - INFO - 'mysql' object has no attribute 'cursor'
2015-05-29 21:42:59,173 - log.py - INFO - 'mysql' object has no attribute 'cursor'
2015-05-29 21:42:59,173 - log.py - INFO - 'mysql' object has no attribute 'cursor'
2015-05-29 21:42:59,173 - log.py - INFO - 'mysql' object has no attribute 'cursor'
2015-05-29 21:42:59,173 - log.py - INFO - 'mysql' object has no attribute 'cursor'
2015-05-29 21:42:59,173 - log.py - INFO - 'mysql' object has no attribute 'cursor'
2015-05-29 21:42:59,173 - log.py - INFO - 'mysql' object has no attribute 'cursor'
2015-05-29 21:43:00,612 - log.py - INFO - Server runing...
2015-05-29 21:43:03,752 - log.py - INFO - an integer is required
2015-05-29 21:43:03,752 - log.py - INFO - an integer is required
2015-05-29 21:43:03,754 - log.py - INFO - 'mysql' object has no attribute 'cursor'
2015-05-29 21:43:03,754 - log.py - INFO - 'mysql' object has no attribute 'cursor'
2015-05-29 21:43:03,754 - log.py - INFO - 'mysql' object has no attribute 'cursor'
2015-05-29 21:43:03,755 - log.py - INFO - 'mysql' object has no attribute 'cursor'
2015-05-29 21:43:03,755 - log.py - INFO - 'mysql' object has no attribute 'cursor'
2015-05-29 21:43:03,755 - log.py - INFO - 'mysql' object has no attribute 'cursor'
2015-05-29 21:43:03,755 - log.py - INFO - 'mysql' object has no attribute 'cursor'
2015-05-29 21:43:03,755 - log.py - INFO - an integer is required
2015-05-29 21:43:03,755 - log.py - INFO - an integer is required
2015-05-29 21:43:03,755 - log.py - INFO - an integer is required
2015-05-29 21:43:03,755 - log.py - INFO - an integer is required
2015-05-29 21:43:03,755 - log.py - INFO - an integer is required
2015-05-29 21:43:03,756 - log.py - INFO - 'mysql' object has no attribute 'cursor'
2015-05-29 21:43:03,756 - log.py - INFO - 'mysql' object has no attribute 'cursor'
2015-05-29 21:43:03,756 - log.py - INFO - 'mysql' object has no attribute 'cursor'
2015-05-29 21:43:03,756 - log.py - INFO - 'mysql' object has no attribute 'cursor'
2015-05-29 21:43:03,756 - log.py - INFO - 'mysql' object has no attribute 'cursor'
2015-05-29 21:43:03,756 - log.py - INFO - 'mysql' object has no attribute 'cursor'
2015-05-29 21:43:03,756 - log.py - INFO - 'mysql' object has no attribute 'cursor'
2015-05-29 21:43:03,756 - log.py - INFO - 'mysql' object has no attribute 'cursor'
2015-05-29 21:43:03,756 - log.py - INFO - 'mysql' object has no attribute 'cursor'
2015-05-29 21:43:03,756 - log.py - INFO - 'mysql' object has no attribute 'cursor'
2015-05-29 21:43:03,756 - log.py - INFO - 'mysql' object has no attribute 'cursor'
2015-05-29 21:43:03,756 - log.py - INFO - 'mysql' object has no attribute 'cursor'
2015-05-29 21:43:03,756 - log.py - INFO - 'mysql' object has no attribute 'cursor'
2015-05-29 21:44:04,389 - log.py - INFO - Server runing...
2015-05-29 21:54:49,644 - log.py - INFO - Server runing...
2015-05-29 21:55:35,179 - log.py - INFO - Server runing...
2015-05-29 21:55:46,339 - log.py - INFO - Server runing...
2015-05-29 21:55:56,306 - log.py - INFO - Server runing...
2015-05-29 21:55:57,003 - log.py - INFO - Server runing...
2015-05-29 21:56:04,459 - log.py - INFO - Server runing...
2015-05-29 21:56:05,227 - log.py - INFO - Server runing...
2015-05-29 21:56:15,427 - log.py - INFO - Server runing...
2015-05-29 22:20:37,664 - log.py - INFO - Server runing...
2015-05-29 23:50:17,614 - log.py - INFO - (535, 'Authentication failed')
2015-05-29 23:50:18,275 - log.py - INFO - Connection unexpectedly closed
2015-05-29 23:50:18,275 - log.py - INFO - Connection unexpectedly closed
2015-05-29 23:53:26,773 - log.py - INFO - Server runing...
2015-05-29 23:53:35,317 - log.py - INFO - Server runing...
2015-05-29 23:58:37,229 - log.py - INFO - Server runing...
2015-05-29 23:58:39,694 - log.py - INFO - Connection unexpectedly closed
2015-05-29 23:58:40,162 - log.py - INFO - Connection unexpectedly closed
2015-05-29 23:58:40,162 - log.py - INFO - Connection unexpectedly closed
2015-05-30 00:41:30,244 - log.py - INFO - Server runing...
2015-05-30 00:41:32,747 - log.py - INFO - (535, 'Authentication failed')
2015-05-30 00:41:33,116 - log.py - INFO - Connection unexpectedly closed
2015-05-30 00:41:33,116 - log.py - INFO - Connection unexpectedly closed
2015-05-30 00:42:31,729 - log.py - INFO - Server runing...
2015-05-30 00:42:34,115 - log.py - INFO - Connection unexpectedly closed
2015-05-30 00:42:34,427 - log.py - INFO - Connection unexpectedly closed
2015-05-30 00:42:34,427 - log.py - INFO - Connection unexpectedly closed
2015-05-30 01:28:05,393 - log.py - INFO - Server runing...
2015-05-30 01:28:07,439 - log.py - INFO - (2003, "Can't connect to MySQL server on '127.0.0.1' (111)")
2015-05-30 01:28:07,439 - log.py - INFO - 'mysql' object has no attribute 'cursor'
2015-05-30 01:28:07,439 - log.py - INFO - 'mysql' object has no attribute 'cursor'
2015-05-30 01:28:07,439 - log.py - INFO - 'mysql' object has no attribute 'mysql'
2015-05-30 01:28:07,439 - log.py - INFO - 'mysql' object has no attribute 'mysql'
2015-05-30 01:28:07,439 - log.py - INFO - 'mysql' object has no attribute 'mysql'
2015-05-30 01:28:07,439 - log.py - INFO - (2003, "Can't connect to MySQL server on '127.0.0.1' (111)")
2015-05-30 01:28:07,439 - log.py - INFO - (2003, "Can't connect to MySQL server on '127.0.0.1' (111)")
2015-05-30 01:28:07,439 - log.py - INFO - (2003, "Can't connect to MySQL server on '127.0.0.1' (111)")
2015-05-30 01:28:07,439 - log.py - INFO - (2003, "Can't connect to MySQL server on '127.0.0.1' (111)")
2015-05-30 01:28:07,440 - log.py - INFO - 'mysql' object has no attribute 'cursor'
2015-05-30 01:28:07,440 - log.py - INFO - 'mysql' object has no attribute 'cursor'
2015-05-30 01:28:07,440 - log.py - INFO - 'mysql' object has no attribute 'cursor'
2015-05-30 01:28:07,440 - log.py - INFO - 'mysql' object has no attribute 'cursor'
2015-05-30 01:28:07,440 - log.py - INFO - 'mysql' object has no attribute 'cursor'
2015-05-30 01:28:07,440 - log.py - INFO - (2003, "Can't connect to MySQL server on '127.0.0.1' (111)")
2015-05-30 01:28:07,440 - log.py - INFO - (2003, "Can't connect to MySQL server on '127.0.0.1' (111)")
2015-05-30 01:28:07,440 - log.py - INFO - (2003, "Can't connect to MySQL server on '127.0.0.1' (111)")
2015-05-30 01:28:07,440 - log.py - INFO - (2003, "Can't connect to MySQL server on '127.0.0.1' (111)")
2015-05-30 01:28:07,440 - log.py - INFO - (2003, "Can't connect to MySQL server on '127.0.0.1' (111)")
2015-05-30 01:28:07,440 - log.py - INFO - (2003, "Can't connect to MySQL server on '127.0.0.1' (111)")
2015-05-30 01:28:07,440 - log.py - INFO - 'mysql' object has no attribute 'cursor'
2015-05-30 01:28:07,440 - log.py - INFO - 'mysql' object has no attribute 'cursor'
2015-05-30 01:28:07,440 - log.py - INFO - 'mysql' object has no attribute 'cursor'
2015-05-30 01:28:07,440 - log.py - INFO - 'mysql' object has no attribute 'cursor'
2015-05-30 01:28:07,440 - log.py - INFO - 'mysql' object has no attribute 'cursor'
2015-05-30 01:28:07,440 - log.py - INFO - 'mysql' object has no attribute 'cursor'
2015-05-30 01:28:07,440 - log.py - INFO - 'mysql' object has no attribute 'cursor'
2015-05-30 01:28:07,440 - log.py - INFO - 'mysql' object has no attribute 'mysql'
2015-05-30 01:28:07,440 - log.py - INFO - 'mysql' object has no attribute 'mysql'
2015-05-30 01:28:07,440 - log.py - INFO - 'mysql' object has no attribute 'mysql'
2015-05-30 01:28:07,440 - log.py - INFO - 'mysql' object has no attribute 'mysql'
2015-05-30 01:28:07,440 - log.py - INFO - 'mysql' object has no attribute 'mysql'
2015-05-30 01:28:07,440 - log.py - INFO - 'mysql' object has no attribute 'mysql'
2015-05-30 01:28:07,440 - log.py - INFO - 'mysql' object has no attribute 'mysql'
2015-05-30 01:28:07,440 - log.py - INFO - 'mysql' object has no attribute 'mysql'
2015-05-30 01:28:07,440 - log.py - INFO - 'mysql' object has no attribute 'mysql'
2015-05-30 01:28:07,440 - log.py - INFO - 'mysql' object has no attribute 'mysql'
2015-05-30 01:28:07,440 - log.py - INFO - 'mysql' object has no attribute 'mysql'
2015-05-30 01:28:07,440 - log.py - INFO - 'mysql' object has no attribute 'mysql'
2015-05-30 01:28:07,440 - log.py - INFO - 'mysql' object has no attribute 'mysql'
2015-05-30 01:28:07,440 - log.py - INFO - 'mysql' object has no attribute 'mysql'
2015-05-30 01:28:07,440 - log.py - INFO - 'mysql' object has no attribute 'mysql'
2015-05-30 01:28:07,440 - log.py - INFO - 'mysql' object has no attribute 'mysql'
2015-05-30 01:28:07,440 - log.py - INFO - 'mysql' object has no attribute 'mysql'
2015-05-30 01:33:08,326 - log.py - INFO - (535, 'Authentication failed')
2015-05-30 01:33:08,326 - log.py - INFO - (535, 'Authentication failed')
2015-05-30 01:33:08,326 - log.py - INFO - (535, 'Authentication failed')
2015-05-30 01:33:08,326 - log.py - INFO - (535, 'Authentication failed')
2015-05-30 01:33:08,326 - log.py - INFO - (535, 'Authentication failed')
2015-05-30 01:33:08,326 - log.py - INFO - (535, 'Authentication failed')
2015-05-30 01:33:08,326 - log.py - INFO - (535, 'Authentication failed')
2015-05-30 01:33:08,326 - log.py - INFO - (535, 'Authentication failed')
2015-05-30 01:33:08,326 - log.py - INFO - (535, 'Authentication failed')
2015-05-30 01:33:08,326 - log.py - INFO - (535, 'Authentication failed')
2015-05-30 01:33:08,738 - log.py - INFO - (535, 'Authentication failed')
2015-05-30 01:33:08,738 - log.py - INFO - (535, 'Authentication failed')
2015-05-30 01:33:08,738 - log.py - INFO - (535, 'Authentication failed')
2015-05-30 01:33:08,738 - log.py - INFO - (535, 'Authentication failed')
2015-05-30 01:33:08,738 - log.py - INFO - (535, 'Authentication failed')
2015-05-30 01:33:08,738 - log.py - INFO - (535, 'Authentication failed')
2015-05-30 01:33:08,738 - log.py - INFO - (535, 'Authentication failed')
2015-05-30 01:33:08,738 - log.py - INFO - (535, 'Authentication failed')
2015-05-30 01:33:08,738 - log.py - INFO - (535, 'Authentication failed')
2015-05-30 01:33:08,738 - log.py - INFO - (535, 'Authentication failed')
2015-05-30 01:33:08,738 - log.py - INFO - (535, 'Authentication failed')
2015-05-30 01:39:18,921 - log.py - INFO - [Errno -3] Temporary failure in name resolution
2015-05-30 01:39:18,921 - log.py - INFO - [Errno -3] Temporary failure in name resolution
2015-05-30 01:39:18,921 - log.py - INFO - [Errno -3] Temporary failure in name resolution
2015-05-30 01:39:18,921 - log.py - INFO - [Errno -3] Temporary failure in name resolution
2015-05-30 01:39:18,921 - log.py - INFO - [Errno -3] Temporary failure in name resolution
2015-05-30 01:39:18,921 - log.py - INFO - [Errno -3] Temporary failure in name resolution
2015-05-30 01:39:18,921 - log.py - INFO - [Errno -3] Temporary failure in name resolution
2015-05-30 01:39:18,921 - log.py - INFO - [Errno -3] Temporary failure in name resolution
2015-05-30 01:39:18,921 - log.py - INFO - [Errno -3] Temporary failure in name resolution
2015-05-30 01:39:18,921 - log.py - INFO - [Errno -3] Temporary failure in name resolution
2015-05-30 01:39:18,921 - log.py - INFO - [Errno -3] Temporary failure in name resolution
2015-05-30 01:39:18,921 - log.py - INFO - [Errno -3] Temporary failure in name resolution
2015-05-30 01:40:28,996 - log.py - INFO - [Errno -3] Temporary failure in name resolution
2015-05-30 01:40:28,996 - log.py - INFO - [Errno -3] Temporary failure in name resolution
2015-05-30 01:40:28,996 - log.py - INFO - [Errno -3] Temporary failure in name resolution
2015-05-30 01:40:28,996 - log.py - INFO - [Errno -3] Temporary failure in name resolution
2015-05-30 01:40:28,996 - log.py - INFO - [Errno -3] Temporary failure in name resolution
2015-05-30 01:40:28,996 - log.py - INFO - [Errno -3] Temporary failure in name resolution
2015-05-30 01:40:28,996 - log.py - INFO - [Errno -3] Temporary failure in name resolution
2015-05-30 01:40:28,996 - log.py - INFO - [Errno -3] Temporary failure in name resolution
2015-05-30 01:40:28,996 - log.py - INFO - [Errno -3] Temporary failure in name resolution
2015-05-30 01:40:28,996 - log.py - INFO - [Errno -3] Temporary failure in name resolution
2015-05-30 01:40:28,996 - log.py - INFO - [Errno -3] Temporary failure in name resolution
2015-05-30 01:40:28,996 - log.py - INFO - [Errno -3] Temporary failure in name resolution
2015-05-30 01:40:28,996 - log.py - INFO - [Errno -3] Temporary failure in name resolution
2015-05-30 01:45:29,593 - log.py - INFO - (535, 'Authentication failed')
2015-05-30 01:45:29,593 - log.py - INFO - (535, 'Authentication failed')
2015-05-30 01:45:29,593 - log.py - INFO - (535, 'Authentication failed')
2015-05-30 01:45:29,593 - log.py - INFO - (535, 'Authentication failed')
2015-05-30 01:45:29,593 - log.py - INFO - (535, 'Authentication failed')
2015-05-30 01:45:29,593 - log.py - INFO - (535, 'Authentication failed')
2015-05-30 01:45:29,593 - log.py - INFO - (535, 'Authentication failed')
2015-05-30 01:45:29,593 - log.py - INFO - (535, 'Authentication failed')
2015-05-30 01:45:29,593 - log.py - INFO - (535, 'Authentication failed')
2015-05-30 01:45:29,593 - log.py - INFO - (535, 'Authentication failed')
2015-05-30 01:45:29,593 - log.py - INFO - (535, 'Authentication failed')
2015-05-30 01:45:29,593 - log.py - INFO - (535, 'Authentication failed')
2015-05-30 01:45:29,593 - log.py - INFO - (535, 'Authentication failed')
2015-05-30 01:45:29,593 - log.py - INFO - (535, 'Authentication failed')
2015-05-30 01:45:30,232 - log.py - INFO - Connection unexpectedly closed
2015-05-30 01:45:30,232 - log.py - INFO - Connection unexpectedly closed
2015-05-30 01:45:30,232 - log.py - INFO - Connection unexpectedly closed
2015-05-30 01:45:30,232 - log.py - INFO - Connection unexpectedly closed
2015-05-30 01:45:30,232 - log.py - INFO - Connection unexpectedly closed
2015-05-30 01:45:30,232 - log.py - INFO - Connection unexpectedly closed
2015-05-30 01:45:30,232 - log.py - INFO - Connection unexpectedly closed
2015-05-30 01:45:30,232 - log.py - INFO - Connection unexpectedly closed
2015-05-30 01:45:30,232 - log.py - INFO - Connection unexpectedly closed
2015-05-30 01:45:30,232 - log.py - INFO - Connection unexpectedly closed
2015-05-30 01:45:30,232 - log.py - INFO - Connection unexpectedly closed
2015-05-30 01:45:30,232 - log.py - INFO - Connection unexpectedly closed
2015-05-30 01:45:30,232 - log.py - INFO - Connection unexpectedly closed
2015-05-30 01:45:30,232 - log.py - INFO - Connection unexpectedly closed
2015-05-30 01:45:30,232 - log.py - INFO - Connection unexpectedly closed
2015-05-30 01:50:30,978 - log.py - INFO - Connection unexpectedly closed
2015-05-30 01:50:30,978 - log.py - INFO - Connection unexpectedly closed
2015-05-30 01:50:30,978 - log.py - INFO - Connection unexpectedly closed
2015-05-30 01:50:30,978 - log.py - INFO - Connection unexpectedly closed
2015-05-30 01:50:30,978 - log.py - INFO - Connection unexpectedly closed
2015-05-30 01:50:30,978 - log.py - INFO - Connection unexpectedly closed
2015-05-30 01:50:30,978 - log.py - INFO - Connection unexpectedly closed
2015-05-30 01:50:30,978 - log.py - INFO - Connection unexpectedly closed
2015-05-30 01:50:30,978 - log.py - INFO - Connection unexpectedly closed
2015-05-30 01:50:30,978 - log.py - INFO - Connection unexpectedly closed
2015-05-30 01:50:30,978 - log.py - INFO - Connection unexpectedly closed
2015-05-30 01:50:30,978 - log.py - INFO - Connection unexpectedly closed
2015-05-30 01:50:30,978 - log.py - INFO - Connection unexpectedly closed
2015-05-30 01:50:30,978 - log.py - INFO - Connection unexpectedly closed
2015-05-30 01:50:30,978 - log.py - INFO - Connection unexpectedly closed
2015-05-30 01:50:30,978 - log.py - INFO - Connection unexpectedly closed
2015-05-30 01:50:31,356 - log.py - INFO - Connection unexpectedly closed
2015-05-30 01:50:31,356 - log.py - INFO - Connection unexpectedly closed
2015-05-30 01:50:31,356 - log.py - INFO - Connection unexpectedly closed
2015-05-30 01:50:31,356 - log.py - INFO - Connection unexpectedly closed
2015-05-30 01:50:31,356 - log.py - INFO - Connection unexpectedly closed
2015-05-30 01:50:31,356 - log.py - INFO - Connection unexpectedly closed
2015-05-30 01:50:31,356 - log.py - INFO - Connection unexpectedly closed
2015-05-30 01:50:31,356 - log.py - INFO - Connection unexpectedly closed
2015-05-30 01:50:31,356 - log.py - INFO - Connection unexpectedly closed
2015-05-30 01:50:31,356 - log.py - INFO - Connection unexpectedly closed
2015-05-30 01:50:31,356 - log.py - INFO - Connection unexpectedly closed
2015-05-30 01:50:31,356 - log.py - INFO - Connection unexpectedly closed
2015-05-30 01:50:31,356 - log.py - INFO - Connection unexpectedly closed
2015-05-30 01:50:31,356 - log.py - INFO - Connection unexpectedly closed
2015-05-30 01:50:31,356 - log.py - INFO - Connection unexpectedly closed
2015-05-30 01:50:31,356 - log.py - INFO - Connection unexpectedly closed
2015-05-30 01:50:31,356 - log.py - INFO - Connection unexpectedly closed
2015-05-30 01:55:31,462 - log.py - INFO - (2003, "Can't connect to MySQL server on '127.0.0.1' (111)")
2015-05-30 01:55:31,462 - log.py - INFO - (2003, "Can't connect to MySQL server on '127.0.0.1' (111)")
2015-05-30 01:55:31,462 - log.py - INFO - (2003, "Can't connect to MySQL server on '127.0.0.1' (111)")
2015-05-30 01:55:31,462 - log.py - INFO - (2003, "Can't connect to MySQL server on '127.0.0.1' (111)")
2015-05-30 01:55:31,462 - log.py - INFO - (2003, "Can't connect to MySQL server on '127.0.0.1' (111)")
2015-05-30 01:55:31,462 - log.py - INFO - (2003, "Can't connect to MySQL server on '127.0.0.1' (111)")
2015-05-30 01:55:31,462 - log.py - INFO - (2003, "Can't connect to MySQL server on '127.0.0.1' (111)")
2015-05-30 01:55:31,462 - log.py - INFO - (2003, "Can't connect to MySQL server on '127.0.0.1' (111)")
2015-05-30 01:55:31,462 - log.py - INFO - (2003, "Can't connect to MySQL server on '127.0.0.1' (111)")
2015-05-30 01:55:31,462 - log.py - INFO - (2003, "Can't connect to MySQL server on '127.0.0.1' (111)")
2015-05-30 01:55:31,462 - log.py - INFO - (2003, "Can't connect to MySQL server on '127.0.0.1' (111)")
2015-05-30 01:55:31,462 - log.py - INFO - (2003, "Can't connect to MySQL server on '127.0.0.1' (111)")
2015-05-30 01:55:31,462 - log.py - INFO - (2003, "Can't connect to MySQL server on '127.0.0.1' (111)")
2015-05-30 01:55:31,462 - log.py - INFO - (2003, "Can't connect to MySQL server on '127.0.0.1' (111)")
2015-05-30 01:55:31,462 - log.py - INFO - (2003, "Can't connect to MySQL server on '127.0.0.1' (111)")
2015-05-30 01:55:31,462 - log.py - INFO - (2003, "Can't connect to MySQL server on '127.0.0.1' (111)")
2015-05-30 01:55:31,462 - log.py - INFO - (2003, "Can't connect to MySQL server on '127.0.0.1' (111)")
2015-05-30 01:55:31,462 - log.py - INFO - (2003, "Can't connect to MySQL server on '127.0.0.1' (111)")
2015-05-30 01:55:31,463 - log.py - INFO - 'mysql' object has no attribute 'cursor'
2015-05-30 01:55:31,463 - log.py - INFO - 'mysql' object has no attribute 'cursor'
2015-05-30 01:55:31,463 - log.py - INFO - 'mysql' object has no attribute 'cursor'
2015-05-30 01:55:31,463 - log.py - INFO - 'mysql' object has no attribute 'cursor'
2015-05-30 01:55:31,463 - log.py - INFO - 'mysql' object has no attribute 'cursor'
2015-05-30 01:55:31,463 - log.py - INFO - 'mysql' object has no attribute 'cursor'
2015-05-30 01:55:31,463 - log.py - INFO - 'mysql' object has no attribute 'cursor'
2015-05-30 01:55:31,463 - log.py - INFO - 'mysql' object has no attribute 'cursor'
2015-05-30 01:55:31,463 - log.py - INFO - 'mysql' object has no attribute 'cursor'
2015-05-30 01:55:31,463 - log.py - INFO - 'mysql' object has no attribute 'cursor'
2015-05-30 01:55:31,463 - log.py - INFO - 'mysql' object has no attribute 'cursor'
2015-05-30 01:55:31,463 - log.py - INFO - 'mysql' object has no attribute 'cursor'
2015-05-30 01:55:31,463 - log.py - INFO - 'mysql' object has no attribute 'cursor'
2015-05-30 01:55:31,463 - log.py - INFO - 'mysql' object has no attribute 'cursor'
2015-05-30 01:55:31,463 - log.py - INFO - 'mysql' object has no attribute 'cursor'
2015-05-30 01:55:31,463 - log.py - INFO - 'mysql' object has no attribute 'cursor'
2015-05-30 01:55:31,463 - log.py - INFO - 'mysql' object has no attribute 'cursor'
2015-05-30 01:55:31,463 - log.py - INFO - 'mysql' object has no attribute 'cursor'
2015-05-30 01:55:31,463 - log.py - INFO - 'mysql' object has no attribute 'cursor'
2015-05-30 01:55:31,464 - log.py - INFO - 'mysql' object has no attribute 'mysql'
2015-05-30 01:55:31,464 - log.py - INFO - 'mysql' object has no attribute 'mysql'
2015-05-30 01:55:31,464 - log.py - INFO - 'mysql' object has no attribute 'mysql'
2015-05-30 01:55:31,464 - log.py - INFO - 'mysql' object has no attribute 'mysql'
2015-05-30 01:55:31,464 - log.py - INFO - 'mysql' object has no attribute 'mysql'
2015-05-30 01:55:31,464 - log.py - INFO - 'mysql' object has no attribute 'mysql'
2015-05-30 01:55:31,464 - log.py - INFO - 'mysql' object has no attribute 'mysql'
2015-05-30 01:55:31,464 - log.py - INFO - 'mysql' object has no attribute 'mysql'
2015-05-30 01:55:31,464 - log.py - INFO - 'mysql' object has no attribute 'mysql'
2015-05-30 01:55:31,464 - log.py - INFO - 'mysql' object has no attribute 'mysql'
2015-05-30 01:55:31,464 - log.py - INFO - 'mysql' object has no attribute 'mysql'
2015-05-30 01:55:31,464 - log.py - INFO - 'mysql' object has no attribute 'mysql'
2015-05-30 01:55:31,464 - log.py - INFO - 'mysql' object has no attribute 'mysql'
2015-05-30 01:55:31,464 - log.py - INFO - 'mysql' object has no attribute 'mysql'
2015-05-30 01:55:31,464 - log.py - INFO - 'mysql' object has no attribute 'mysql'
2015-05-30 01:55:31,464 - log.py - INFO - 'mysql' object has no attribute 'mysql'
2015-05-30 01:55:31,464 - log.py - INFO - 'mysql' object has no attribute 'mysql'
2015-05-30 01:55:31,464 - log.py - INFO - 'mysql' object has no attribute 'mysql'
2015-05-30 01:55:31,464 - log.py - INFO - 'mysql' object has no attribute 'mysql'
2015-05-30 01:55:31,464 - log.py - INFO - 'mysql' object has no attribute 'mysql'
2015-05-30 01:55:31,465 - log.py - INFO - (2003, "Can't connect to MySQL server on '127.0.0.1' (111)")
2015-05-30 01:55:31,465 - log.py - INFO - (2003, "Can't connect to MySQL server on '127.0.0.1' (111)")
2015-05-30 01:55:31,465 - log.py - INFO - (2003, "Can't connect to MySQL server on '127.0.0.1' (111)")
2015-05-30 01:55:31,465 - log.py - INFO - (2003, "Can't connect to MySQL server on '127.0.0.1' (111)")
2015-05-30 01:55:31,465 - log.py - INFO - (2003, "Can't connect to MySQL server on '127.0.0.1' (111)")
2015-05-30 01:55:31,465 - log.py - INFO - (2003, "Can't connect to MySQL server on '127.0.0.1' (111)")
2015-05-30 01:55:31,465 - log.py - INFO - (2003, "Can't connect to MySQL server on '127.0.0.1' (111)")
2015-05-30 01:55:31,465 - log.py - INFO - (2003, "Can't connect to MySQL server on '127.0.0.1' (111)")
2015-05-30 01:55:31,465 - log.py - INFO - (2003, "Can't connect to MySQL server on '127.0.0.1' (111)")
2015-05-30 01:55:31,465 - log.py - INFO - (2003, "Can't connect to MySQL server on '127.0.0.1' (111)")
2015-05-30 01:55:31,465 - log.py - INFO - (2003, "Can't connect to MySQL server on '127.0.0.1' (111)")
2015-05-30 01:55:31,465 - log.py - INFO - (2003, "Can't connect to MySQL server on '127.0.0.1' (111)")
2015-05-30 01:55:31,465 - log.py - INFO - (2003, "Can't connect to MySQL server on '127.0.0.1' (111)")
2015-05-30 01:55:31,465 - log.py - INFO - (2003, "Can't connect to MySQL server on '127.0.0.1' (111)")
2015-05-30 01:55:31,465 - log.py - INFO - (2003, "Can't connect to MySQL server on '127.0.0.1' (111)")
2015-05-30 01:55:31,465 - log.py - INFO - (2003, "Can't connect to MySQL server on '127.0.0.1' (111)")
2015-05-30 01:55:31,465 - log.py - INFO - (2003, "Can't connect to MySQL server on '127.0.0.1' (111)")
2015-05-30 01:55:31,465 - log.py - INFO - (2003, "Can't connect to MySQL server on '127.0.0.1' (111)")
2015-05-30 01:55:31,465 - log.py - INFO - (2003, "Can't connect to MySQL server on '127.0.0.1' (111)")
2015-05-30 01:55:31,465 - log.py - INFO - (2003, "Can't connect to MySQL server on '127.0.0.1' (111)")
2015-05-30 01:55:31,465 - log.py - INFO - (2003, "Can't connect to MySQL server on '127.0.0.1' (111)")
2015-05-30 01:55:31,466 - log.py - INFO - 'mysql' object has no attribute 'cursor'
2015-05-30 01:55:31,466 - log.py - INFO - 'mysql' object has no attribute 'cursor'
2015-05-30 01:55:31,466 - log.py - INFO - 'mysql' object has no attribute 'cursor'
2015-05-30 01:55:31,466 - log.py - INFO - 'mysql' object has no attribute 'cursor'
2015-05-30 01:55:31,466 - log.py - INFO - 'mysql' object has no attribute 'cursor'
2015-05-30 01:55:31,466 - log.py - INFO - 'mysql' object has no attribute 'cursor'
2015-05-30 01:55:31,466 - log.py - INFO - 'mysql' object has no attribute 'cursor'
2015-05-30 01:55:31,466 - log.py - INFO - 'mysql' object has no attribute 'cursor'
2015-05-30 01:55:31,466 - log.py - INFO - 'mysql' object has no attribute 'cursor'
2015-05-30 01:55:31,466 - log.py - INFO - 'mysql' object has no attribute 'cursor'
2015-05-30 01:55:31,466 - log.py - INFO - 'mysql' object has no attribute 'cursor'
2015-05-30 01:55:31,466 - log.py - INFO - 'mysql' object has no attribute 'cursor'
2015-05-30 01:55:31,466 - log.py - INFO - 'mysql' object has no attribute 'cursor'
2015-05-30 01:55:31,466 - log.py - INFO - 'mysql' object has no attribute 'cursor'
2015-05-30 01:55:31,466 - log.py - INFO - 'mysql' object has no attribute 'cursor'
2015-05-30 01:55:31,466 - log.py - INFO - 'mysql' object has no attribute 'cursor'
2015-05-30 01:55:31,466 - log.py - INFO - 'mysql' object has no attribute 'cursor'
2015-05-30 01:55:31,466 - log.py - INFO - 'mysql' object has no attribute 'cursor'
2015-05-30 01:55:31,466 - log.py - INFO - 'mysql' object has no attribute 'cursor'
2015-05-30 01:55:31,466 - log.py - INFO - 'mysql' object has no attribute 'cursor'
2015-05-30 01:55:31,466 - log.py - INFO - 'mysql' object has no attribute 'cursor'
2015-05-30 01:55:31,466 - log.py - INFO - 'mysql' object has no attribute 'cursor'
2015-05-30 01:55:31,466 - log.py - INFO - (2003, "Can't connect to MySQL server on '127.0.0.1' (111)")
2015-05-30 01:55:31,466 - log.py - INFO - (2003, "Can't connect to MySQL server on '127.0.0.1' (111)")
2015-05-30 01:55:31,466 - log.py - INFO - (2003, "Can't connect to MySQL server on '127.0.0.1' (111)")
2015-05-30 01:55:31,466 - log.py - INFO - (2003, "Can't connect to MySQL server on '127.0.0.1' (111)")
2015-05-30 01:55:31,466 - log.py - INFO - (2003, "Can't connect to MySQL server on '127.0.0.1' (111)")
2015-05-30 01:55:31,466 - log.py - INFO - (2003, "Can't connect to MySQL server on '127.0.0.1' (111)")
2015-05-30 01:55:31,466 - log.py - INFO - (2003, "Can't connect to MySQL server on '127.0.0.1' (111)")
2015-05-30 01:55:31,466 - log.py - INFO - (2003, "Can't connect to MySQL server on '127.0.0.1' (111)")
2015-05-30 01:55:31,466 - log.py - INFO - (2003, "Can't connect to MySQL server on '127.0.0.1' (111)")
2015-05-30 01:55:31,466 - log.py - INFO - (2003, "Can't connect to MySQL server on '127.0.0.1' (111)")
2015-05-30 01:55:31,466 - log.py - INFO - (2003, "Can't connect to MySQL server on '127.0.0.1' (111)")
2015-05-30 01:55:31,466 - log.py - INFO - (2003, "Can't connect to MySQL server on '127.0.0.1' (111)")
2015-05-30 01:55:31,466 - log.py - INFO - (2003, "Can't connect to MySQL server on '127.0.0.1' (111)")
2015-05-30 01:55:31,466 - log.py - INFO - (2003, "Can't connect to MySQL server on '127.0.0.1' (111)")
2015-05-30 01:55:31,466 - log.py - INFO - (2003, "Can't connect to MySQL server on '127.0.0.1' (111)")
2015-05-30 01:55:31,466 - log.py - INFO - (2003, "Can't connect to MySQL server on '127.0.0.1' (111)")
2015-05-30 01:55:31,466 - log.py - INFO - (2003, "Can't connect to MySQL server on '127.0.0.1' (111)")
2015-05-30 01:55:31,466 - log.py - INFO - (2003, "Can't connect to MySQL server on '127.0.0.1' (111)")
2015-05-30 01:55:31,466 - log.py - INFO - (2003, "Can't connect to MySQL server on '127.0.0.1' (111)")
2015-05-30 01:55:31,466 - log.py - INFO - (2003, "Can't connect to MySQL server on '127.0.0.1' (111)")
2015-05-30 01:55:31,466 - log.py - INFO - (2003, "Can't connect to MySQL server on '127.0.0.1' (111)")
2015-05-30 01:55:31,466 - log.py - INFO - (2003, "Can't connect to MySQL server on '127.0.0.1' (111)")
2015-05-30 01:55:31,466 - log.py - INFO - (2003, "Can't connect to MySQL server on '127.0.0.1' (111)")
2015-05-30 01:55:31,467 - log.py - INFO - 'mysql' object has no attribute 'cursor'
2015-05-30 01:55:31,467 - log.py - INFO - 'mysql' object has no attribute 'cursor'
2015-05-30 01:55:31,467 - log.py - INFO - 'mysql' object has no attribute 'cursor'
2015-05-30 01:55:31,467 - log.py - INFO - 'mysql' object has no attribute 'cursor'
2015-05-30 01:55:31,467 - log.py - INFO - 'mysql' object has no attribute 'cursor'
2015-05-30 01:55:31,467 - log.py - INFO - 'mysql' object has no attribute 'cursor'
2015-05-30 01:55:31,467 - log.py - INFO - 'mysql' object has no attribute 'cursor'
2015-05-30 01:55:31,467 - log.py - INFO - 'mysql' object has no attribute 'cursor'
2015-05-30 01:55:31,467 - log.py - INFO - 'mysql' object has no attribute 'cursor'
2015-05-30 01:55:31,467 - log.py - INFO - 'mysql' object has no attribute 'cursor'
2015-05-30 01:55:31,467 - log.py - INFO - 'mysql' object has no attribute 'cursor'
2015-05-30 01:55:31,467 - log.py - INFO - 'mysql' object has no attribute 'cursor'
2015-05-30 01:55:31,467 - log.py - INFO - 'mysql' object has no attribute 'cursor'
2015-05-30 01:55:31,467 - log.py - INFO - 'mysql' object has no attribute 'cursor'
2015-05-30 01:55:31,467 - log.py - INFO - 'mysql' object has no attribute 'cursor'
2015-05-30 01:55:31,467 - log.py - INFO - 'mysql' object has no attribute 'cursor'
2015-05-30 01:55:31,467 - log.py - INFO - 'mysql' object has no attribute 'cursor'
2015-05-30 01:55:31,467 - log.py - INFO - 'mysql' object has no attribute 'cursor'
2015-05-30 01:55:31,467 - log.py - INFO - 'mysql' object has no attribute 'cursor'
2015-05-30 01:55:31,467 - log.py - INFO - 'mysql' object has no attribute 'cursor'
2015-05-30 01:55:31,467 - log.py - INFO - 'mysql' object has no attribute 'cursor'
2015-05-30 01:55:31,467 - log.py - INFO - 'mysql' object has no attribute 'cursor'
2015-05-30 01:55:31,467 - log.py - INFO - 'mysql' object has no attribute 'cursor'
2015-05-30 01:55:31,467 - log.py - INFO - 'mysql' object has no attribute 'cursor'
2015-05-30 01:55:31,468 - log.py - INFO - 'mysql' object has no attribute 'mysql'
2015-05-30 01:55:31,468 - log.py - INFO - 'mysql' object has no attribute 'mysql'
2015-05-30 01:55:31,468 - log.py - INFO - 'mysql' object has no attribute 'mysql'
2015-05-30 01:55:31,468 - log.py - INFO - 'mysql' object has no attribute 'mysql'
2015-05-30 01:55:31,468 - log.py - INFO - 'mysql' object has no attribute 'mysql'
2015-05-30 01:55:31,468 - log.py - INFO - 'mysql' object has no attribute 'mysql'
2015-05-30 01:55:31,468 - log.py - INFO - 'mysql' object has no attribute 'mysql'
2015-05-30 01:55:31,468 - log.py - INFO - 'mysql' object has no attribute 'mysql'
2015-05-30 01:55:31,468 - log.py - INFO - 'mysql' object has no attribute 'mysql'
2015-05-30 01:55:31,468 - log.py - INFO - 'mysql' object has no attribute 'mysql'
2015-05-30 01:55:31,468 - log.py - INFO - 'mysql' object has no attribute 'mysql'
2015-05-30 01:55:31,468 - log.py - INFO - 'mysql' object has no attribute 'mysql'
2015-05-30 01:55:31,468 - log.py - INFO - 'mysql' object has no attribute 'mysql'
2015-05-30 01:55:31,468 - log.py - INFO - 'mysql' object has no attribute 'mysql'
2015-05-30 01:55:31,468 - log.py - INFO - 'mysql' object has no attribute 'mysql'
2015-05-30 01:55:31,468 - log.py - INFO - 'mysql' object has no attribute 'mysql'
2015-05-30 01:55:31,468 - log.py - INFO - 'mysql' object has no attribute 'mysql'
2015-05-30 01:55:31,468 - log.py - INFO - 'mysql' object has no attribute 'mysql'
2015-05-30 01:55:31,468 - log.py - INFO - 'mysql' object has no attribute 'mysql'
2015-05-30 01:55:31,468 - log.py - INFO - 'mysql' object has no attribute 'mysql'
2015-05-30 01:55:31,468 - log.py - INFO - 'mysql' object has no attribute 'mysql'
2015-05-30 01:55:31,468 - log.py - INFO - 'mysql' object has no attribute 'mysql'
2015-05-30 01:55:31,468 - log.py - INFO - 'mysql' object has no attribute 'mysql'
2015-05-30 01:55:31,468 - log.py - INFO - 'mysql' object has no attribute 'mysql'
2015-05-30 01:55:31,468 - log.py - INFO - 'mysql' object has no attribute 'mysql'
2015-05-30 01:55:31,468 - log.py - INFO - 'mysql' object has no attribute 'mysql'
2015-05-30 01:55:31,468 - log.py - INFO - 'mysql' object has no attribute 'mysql'
2015-05-30 01:55:31,468 - log.py - INFO - 'mysql' object has no attribute 'mysql'
2015-05-30 01:55:31,468 - log.py - INFO - 'mysql' object has no attribute 'mysql'
2015-05-30 01:55:31,468 - log.py - INFO - 'mysql' object has no attribute 'mysql'
2015-05-30 01:55:31,468 - log.py - INFO - 'mysql' object has no attribute 'mysql'
2015-05-30 01:55:31,468 - log.py - INFO - 'mysql' object has no attribute 'mysql'
2015-05-30 01:55:31,468 - log.py - INFO - 'mysql' object has no attribute 'mysql'
2015-05-30 01:55:31,468 - log.py - INFO - 'mysql' object has no attribute 'mysql'
2015-05-30 01:55:31,468 - log.py - INFO - 'mysql' object has no attribute 'mysql'
2015-05-30 01:55:31,468 - log.py - INFO - 'mysql' object has no attribute 'mysql'
2015-05-30 01:55:31,468 - log.py - INFO - 'mysql' object has no attribute 'mysql'
2015-05-30 01:55:31,468 - log.py - INFO - 'mysql' object has no attribute 'mysql'
2015-05-30 01:55:31,468 - log.py - INFO - 'mysql' object has no attribute 'mysql'
2015-05-30 01:55:31,468 - log.py - INFO - 'mysql' object has no attribute 'mysql'
2015-05-30 01:55:31,468 - log.py - INFO - 'mysql' object has no attribute 'mysql'
2015-05-30 01:55:31,468 - log.py - INFO - 'mysql' object has no attribute 'mysql'
2015-05-30 01:55:31,468 - log.py - INFO - 'mysql' object has no attribute 'mysql'
2015-05-30 01:55:31,468 - log.py - INFO - 'mysql' object has no attribute 'mysql'
2015-05-30 01:55:31,468 - log.py - INFO - 'mysql' object has no attribute 'mysql'
2015-05-30 01:55:31,468 - log.py - INFO - 'mysql' object has no attribute 'mysql'
2015-05-30 01:55:31,468 - log.py - INFO - 'mysql' object has no attribute 'mysql'
2015-05-30 01:55:31,468 - log.py - INFO - 'mysql' object has no attribute 'mysql'
2015-05-30 01:55:31,468 - log.py - INFO - 'mysql' object has no attribute 'mysql'
2015-05-30 01:55:31,468 - log.py - INFO - 'mysql' object has no attribute 'mysql'
2015-05-30 01:55:31,468 - log.py - INFO - 'mysql' object has no attribute 'mysql'
2015-05-30 02:03:35,868 - log.py - INFO - Server runing...
2015-05-30 02:48:34,026 - log.py - INFO - Server runing...
2015-05-30 02:58:37,745 - log.py - INFO - Connection unexpectedly closed
2015-05-30 02:58:40,010 - log.py - INFO - Connection unexpectedly closed
2015-05-30 02:58:40,010 - log.py - INFO - Connection unexpectedly closed
